<?xml version="1.0" encoding="UTF-8"?>
<testng-results ignored="0" total="9" passed="9" failed="0" skipped="0">
  <reporter-output>
  </reporter-output>
  <suite started-at="2024-03-26T21:37:20 GMT" name="vendor-portal" finished-at="2024-03-26T21:38:29 GMT" duration-ms="69062">
    <groups>
    </groups>
    <test started-at="2024-03-26T21:37:20 GMT" name="user-sam" finished-at="2024-03-26T21:38:24 GMT" duration-ms="63980">
      <class name="com.kardockdock.tests.vendorportal.VendorPortalTest">
        <test-method is-config="true" signature="setDriver(org.testng.ITestContext)[pri:0, instance:com.kardockdock.tests.vendorportal.VendorPortalTest@2fba3fc4]" started-at="2024-03-26T21:37:20 GMT" name="setDriver" finished-at="2024-03-26T21:37:41 GMT" duration-ms="20499" status="PASS">
          <params>
            <param index="0">
              <value>
                <![CDATA[org.testng.TestRunner@4ff8d125]]>
              </value>
            </param>
          </params>
          <reporter-output>
          </reporter-output>
        </test-method> <!-- setDriver -->
        <test-method is-config="true" signature="setPageObjects(java.lang.String)[pri:0, instance:com.kardockdock.tests.vendorportal.VendorPortalTest@2fba3fc4]" started-at="2024-03-26T21:37:41 GMT" name="setPageObjects" finished-at="2024-03-26T21:37:42 GMT" depends-on-methods="com.kardockdock.tests.AbstractTest.setDriver" duration-ms="910" status="PASS">
          <params>
            <param index="0">
              <value>
                <![CDATA[test-data/vendor-portal/sam.json]]>
              </value>
            </param>
          </params>
          <reporter-output>
          </reporter-output>
        </test-method> <!-- setPageObjects -->
        <test-method signature="loginTest()[pri:0, instance:com.kardockdock.tests.vendorportal.VendorPortalTest@2fba3fc4]" started-at="2024-03-26T21:37:42 GMT" name="loginTest" finished-at="2024-03-26T21:38:02 GMT" duration-ms="20575" status="PASS">
          <reporter-output>
          </reporter-output>
        </test-method> <!-- loginTest -->
        <test-method signature="dashboardTest()[pri:0, instance:com.kardockdock.tests.vendorportal.VendorPortalTest@2fba3fc4]" started-at="2024-03-26T21:38:02 GMT" name="dashboardTest" finished-at="2024-03-26T21:38:16 GMT" depends-on-methods="com.kardockdock.tests.vendorportal.VendorPortalTest.loginTest" duration-ms="14032" status="PASS">
          <reporter-output>
          </reporter-output>
        </test-method> <!-- dashboardTest -->
        <test-method signature="logoutTest()[pri:0, instance:com.kardockdock.tests.vendorportal.VendorPortalTest@2fba3fc4]" started-at="2024-03-26T21:38:16 GMT" name="logoutTest" finished-at="2024-03-26T21:38:24 GMT" depends-on-methods="com.kardockdock.tests.vendorportal.VendorPortalTest.dashboardTest" duration-ms="7053" status="PASS">
          <reporter-output>
          </reporter-output>
        </test-method> <!-- logoutTest -->
        <test-method is-config="true" signature="quitDriver()[pri:0, instance:com.kardockdock.tests.vendorportal.VendorPortalTest@2fba3fc4]" started-at="2024-03-26T21:38:24 GMT" name="quitDriver" finished-at="2024-03-26T21:38:24 GMT" duration-ms="730" status="PASS">
          <reporter-output>
          </reporter-output>
        </test-method> <!-- quitDriver -->
      </class> <!-- com.kardockdock.tests.vendorportal.VendorPortalTest -->
    </test> <!-- user-sam -->
    <test started-at="2024-03-26T21:37:20 GMT" name="user-mike" finished-at="2024-03-26T21:38:27 GMT" duration-ms="66266">
      <class name="com.kardockdock.tests.vendorportal.VendorPortalTest">
        <test-method is-config="true" signature="setDriver(org.testng.ITestContext)[pri:0, instance:com.kardockdock.tests.vendorportal.VendorPortalTest@14fa86ae]" started-at="2024-03-26T21:37:20 GMT" name="setDriver" finished-at="2024-03-26T21:37:41 GMT" duration-ms="20493" status="PASS">
          <params>
            <param index="0">
              <value>
                <![CDATA[org.testng.TestRunner@c7ba306]]>
              </value>
            </param>
          </params>
          <reporter-output>
          </reporter-output>
        </test-method> <!-- setDriver -->
        <test-method is-config="true" signature="setPageObjects(java.lang.String)[pri:0, instance:com.kardockdock.tests.vendorportal.VendorPortalTest@14fa86ae]" started-at="2024-03-26T21:37:41 GMT" name="setPageObjects" finished-at="2024-03-26T21:37:42 GMT" depends-on-methods="com.kardockdock.tests.AbstractTest.setDriver" duration-ms="910" status="PASS">
          <params>
            <param index="0">
              <value>
                <![CDATA[test-data/vendor-portal/mike.json]]>
              </value>
            </param>
          </params>
          <reporter-output>
          </reporter-output>
        </test-method> <!-- setPageObjects -->
        <test-method signature="loginTest()[pri:0, instance:com.kardockdock.tests.vendorportal.VendorPortalTest@14fa86ae]" started-at="2024-03-26T21:37:42 GMT" name="loginTest" finished-at="2024-03-26T21:38:01 GMT" duration-ms="19230" status="PASS">
          <reporter-output>
          </reporter-output>
        </test-method> <!-- loginTest -->
        <test-method signature="dashboardTest()[pri:0, instance:com.kardockdock.tests.vendorportal.VendorPortalTest@14fa86ae]" started-at="2024-03-26T21:38:01 GMT" name="dashboardTest" finished-at="2024-03-26T21:38:15 GMT" depends-on-methods="com.kardockdock.tests.vendorportal.VendorPortalTest.loginTest" duration-ms="13889" status="PASS">
          <reporter-output>
          </reporter-output>
        </test-method> <!-- dashboardTest -->
        <test-method signature="logoutTest()[pri:0, instance:com.kardockdock.tests.vendorportal.VendorPortalTest@14fa86ae]" started-at="2024-03-26T21:38:15 GMT" name="logoutTest" finished-at="2024-03-26T21:38:26 GMT" depends-on-methods="com.kardockdock.tests.vendorportal.VendorPortalTest.dashboardTest" duration-ms="11337" status="PASS">
          <reporter-output>
          </reporter-output>
        </test-method> <!-- logoutTest -->
        <test-method is-config="true" signature="quitDriver()[pri:0, instance:com.kardockdock.tests.vendorportal.VendorPortalTest@14fa86ae]" started-at="2024-03-26T21:38:26 GMT" name="quitDriver" finished-at="2024-03-26T21:38:27 GMT" duration-ms="281" status="PASS">
          <reporter-output>
          </reporter-output>
        </test-method> <!-- quitDriver -->
      </class> <!-- com.kardockdock.tests.vendorportal.VendorPortalTest -->
    </test> <!-- user-mike -->
    <test started-at="2024-03-26T21:37:20 GMT" name="user-john" finished-at="2024-03-26T21:38:29 GMT" duration-ms="69052">
      <class name="com.kardockdock.tests.vendorportal.VendorPortalTest">
        <test-method is-config="true" signature="setupConfig()[pri:0, instance:com.kardockdock.tests.vendorportal.VendorPortalTest@68f1b17f]" started-at="2024-03-26T21:37:20 GMT" name="setupConfig" finished-at="2024-03-26T21:37:20 GMT" duration-ms="79" status="PASS">
          <reporter-output>
          </reporter-output>
        </test-method> <!-- setupConfig -->
        <test-method is-config="true" signature="setDriver(org.testng.ITestContext)[pri:0, instance:com.kardockdock.tests.vendorportal.VendorPortalTest@68f1b17f]" started-at="2024-03-26T21:37:20 GMT" name="setDriver" finished-at="2024-03-26T21:37:41 GMT" duration-ms="20495" status="PASS">
          <params>
            <param index="0">
              <value>
                <![CDATA[org.testng.TestRunner@6d167f58]]>
              </value>
            </param>
          </params>
          <reporter-output>
          </reporter-output>
        </test-method> <!-- setDriver -->
        <test-method is-config="true" signature="setPageObjects(java.lang.String)[pri:0, instance:com.kardockdock.tests.vendorportal.VendorPortalTest@68f1b17f]" started-at="2024-03-26T21:37:41 GMT" name="setPageObjects" finished-at="2024-03-26T21:37:42 GMT" depends-on-methods="com.kardockdock.tests.AbstractTest.setDriver" duration-ms="907" status="PASS">
          <params>
            <param index="0">
              <value>
                <![CDATA[test-data/vendor-portal/john.json]]>
              </value>
            </param>
          </params>
          <reporter-output>
          </reporter-output>
        </test-method> <!-- setPageObjects -->
        <test-method signature="loginTest()[pri:0, instance:com.kardockdock.tests.vendorportal.VendorPortalTest@68f1b17f]" started-at="2024-03-26T21:37:42 GMT" name="loginTest" finished-at="2024-03-26T21:38:01 GMT" duration-ms="19112" status="PASS">
          <reporter-output>
          </reporter-output>
        </test-method> <!-- loginTest -->
        <test-method signature="dashboardTest()[pri:0, instance:com.kardockdock.tests.vendorportal.VendorPortalTest@68f1b17f]" started-at="2024-03-26T21:38:01 GMT" name="dashboardTest" finished-at="2024-03-26T21:38:15 GMT" depends-on-methods="com.kardockdock.tests.vendorportal.VendorPortalTest.loginTest" duration-ms="13754" status="PASS">
          <reporter-output>
          </reporter-output>
        </test-method> <!-- dashboardTest -->
        <test-method signature="logoutTest()[pri:0, instance:com.kardockdock.tests.vendorportal.VendorPortalTest@68f1b17f]" started-at="2024-03-26T21:38:15 GMT" name="logoutTest" finished-at="2024-03-26T21:38:29 GMT" depends-on-methods="com.kardockdock.tests.vendorportal.VendorPortalTest.dashboardTest" duration-ms="14267" status="PASS">
          <reporter-output>
          </reporter-output>
        </test-method> <!-- logoutTest -->
        <test-method is-config="true" signature="quitDriver()[pri:0, instance:com.kardockdock.tests.vendorportal.VendorPortalTest@68f1b17f]" started-at="2024-03-26T21:38:29 GMT" name="quitDriver" finished-at="2024-03-26T21:38:29 GMT" duration-ms="287" status="PASS">
          <reporter-output>
          </reporter-output>
        </test-method> <!-- quitDriver -->
      </class> <!-- com.kardockdock.tests.vendorportal.VendorPortalTest -->
    </test> <!-- user-john -->
  </suite> <!-- vendor-portal -->
</testng-results>
