<?xml version="1.0" encoding="UTF-8"?>
<testng-results ignored="0" total="9" passed="9" failed="0" skipped="0">
  <reporter-output>
  </reporter-output>
  <suite started-at="2024-03-27T14:33:16 GMT" name="vendor-portal" finished-at="2024-03-27T14:33:56 GMT" duration-ms="39956">
    <groups>
    </groups>
    <test started-at="2024-03-27T14:33:16 GMT" name="user-mike" finished-at="2024-03-27T14:33:52 GMT" duration-ms="35661">
      <class name="com.kardockdock.tests.vendorportal.VendorPortalTest">
        <test-method is-config="true" signature="setDriver(org.testng.ITestContext)[pri:0, instance:com.kardockdock.tests.vendorportal.VendorPortalTest@14fa86ae]" started-at="2024-03-27T14:33:16 GMT" name="setDriver" finished-at="2024-03-27T14:33:30 GMT" duration-ms="14532" status="PASS">
          <params>
            <param index="0">
              <value>
                <![CDATA[org.testng.TestRunner@39ac0c0a]]>
              </value>
            </param>
          </params>
          <reporter-output>
          </reporter-output>
        </test-method> <!-- setDriver -->
        <test-method is-config="true" signature="setPageObjects(java.lang.String)[pri:0, instance:com.kardockdock.tests.vendorportal.VendorPortalTest@14fa86ae]" started-at="2024-03-27T14:33:30 GMT" name="setPageObjects" finished-at="2024-03-27T14:33:32 GMT" depends-on-methods="com.kardockdock.tests.AbstractTest.setDriver" duration-ms="1990" status="PASS">
          <params>
            <param index="0">
              <value>
                <![CDATA[test-data/vendor-portal/mike.json]]>
              </value>
            </param>
          </params>
          <reporter-output>
          </reporter-output>
        </test-method> <!-- setPageObjects -->
        <test-method signature="loginTest()[pri:0, instance:com.kardockdock.tests.vendorportal.VendorPortalTest@14fa86ae]" started-at="2024-03-27T14:33:33 GMT" name="loginTest" finished-at="2024-03-27T14:33:41 GMT" duration-ms="8601" status="PASS">
          <reporter-output>
          </reporter-output>
        </test-method> <!-- loginTest -->
        <test-method signature="dashboardTest()[pri:0, instance:com.kardockdock.tests.vendorportal.VendorPortalTest@14fa86ae]" started-at="2024-03-27T14:33:41 GMT" name="dashboardTest" finished-at="2024-03-27T14:33:48 GMT" depends-on-methods="com.kardockdock.tests.vendorportal.VendorPortalTest.loginTest" duration-ms="6888" status="PASS">
          <reporter-output>
          </reporter-output>
        </test-method> <!-- dashboardTest -->
        <test-method signature="logoutTest()[pri:0, instance:com.kardockdock.tests.vendorportal.VendorPortalTest@14fa86ae]" started-at="2024-03-27T14:33:48 GMT" name="logoutTest" finished-at="2024-03-27T14:33:51 GMT" depends-on-methods="com.kardockdock.tests.vendorportal.VendorPortalTest.dashboardTest" duration-ms="3014" status="PASS">
          <reporter-output>
          </reporter-output>
        </test-method> <!-- logoutTest -->
        <test-method is-config="true" signature="quitDriver()[pri:0, instance:com.kardockdock.tests.vendorportal.VendorPortalTest@14fa86ae]" started-at="2024-03-27T14:33:51 GMT" name="quitDriver" finished-at="2024-03-27T14:33:52 GMT" duration-ms="421" status="PASS">
          <reporter-output>
          </reporter-output>
        </test-method> <!-- quitDriver -->
      </class> <!-- com.kardockdock.tests.vendorportal.VendorPortalTest -->
    </test> <!-- user-mike -->
    <test started-at="2024-03-27T14:33:16 GMT" name="user-john" finished-at="2024-03-27T14:33:54 GMT" duration-ms="37798">
      <class name="com.kardockdock.tests.vendorportal.VendorPortalTest">
        <test-method is-config="true" signature="setupConfig()[pri:0, instance:com.kardockdock.tests.vendorportal.VendorPortalTest@68f1b17f]" started-at="2024-03-27T14:33:16 GMT" name="setupConfig" finished-at="2024-03-27T14:33:16 GMT" duration-ms="58" status="PASS">
          <reporter-output>
          </reporter-output>
        </test-method> <!-- setupConfig -->
        <test-method is-config="true" signature="setDriver(org.testng.ITestContext)[pri:0, instance:com.kardockdock.tests.vendorportal.VendorPortalTest@68f1b17f]" started-at="2024-03-27T14:33:16 GMT" name="setDriver" finished-at="2024-03-27T14:33:30 GMT" duration-ms="14484" status="PASS">
          <params>
            <param index="0">
              <value>
                <![CDATA[org.testng.TestRunner@4ff8d125]]>
              </value>
            </param>
          </params>
          <reporter-output>
          </reporter-output>
        </test-method> <!-- setDriver -->
        <test-method is-config="true" signature="setPageObjects(java.lang.String)[pri:0, instance:com.kardockdock.tests.vendorportal.VendorPortalTest@68f1b17f]" started-at="2024-03-27T14:33:30 GMT" name="setPageObjects" finished-at="2024-03-27T14:33:32 GMT" depends-on-methods="com.kardockdock.tests.AbstractTest.setDriver" duration-ms="2024" status="PASS">
          <params>
            <param index="0">
              <value>
                <![CDATA[test-data/vendor-portal/john.json]]>
              </value>
            </param>
          </params>
          <reporter-output>
          </reporter-output>
        </test-method> <!-- setPageObjects -->
        <test-method signature="loginTest()[pri:0, instance:com.kardockdock.tests.vendorportal.VendorPortalTest@68f1b17f]" started-at="2024-03-27T14:33:33 GMT" name="loginTest" finished-at="2024-03-27T14:33:41 GMT" duration-ms="8403" status="PASS">
          <reporter-output>
          </reporter-output>
        </test-method> <!-- loginTest -->
        <test-method signature="dashboardTest()[pri:0, instance:com.kardockdock.tests.vendorportal.VendorPortalTest@68f1b17f]" started-at="2024-03-27T14:33:41 GMT" name="dashboardTest" finished-at="2024-03-27T14:33:47 GMT" depends-on-methods="com.kardockdock.tests.vendorportal.VendorPortalTest.loginTest" duration-ms="6429" status="PASS">
          <reporter-output>
          </reporter-output>
        </test-method> <!-- dashboardTest -->
        <test-method signature="logoutTest()[pri:0, instance:com.kardockdock.tests.vendorportal.VendorPortalTest@68f1b17f]" started-at="2024-03-27T14:33:48 GMT" name="logoutTest" finished-at="2024-03-27T14:33:54 GMT" depends-on-methods="com.kardockdock.tests.vendorportal.VendorPortalTest.dashboardTest" duration-ms="5997" status="PASS">
          <reporter-output>
          </reporter-output>
        </test-method> <!-- logoutTest -->
        <test-method is-config="true" signature="quitDriver()[pri:0, instance:com.kardockdock.tests.vendorportal.VendorPortalTest@68f1b17f]" started-at="2024-03-27T14:33:54 GMT" name="quitDriver" finished-at="2024-03-27T14:33:54 GMT" duration-ms="156" status="PASS">
          <reporter-output>
          </reporter-output>
        </test-method> <!-- quitDriver -->
      </class> <!-- com.kardockdock.tests.vendorportal.VendorPortalTest -->
    </test> <!-- user-john -->
    <test started-at="2024-03-27T14:33:16 GMT" name="user-sam" finished-at="2024-03-27T14:33:56 GMT" duration-ms="39956">
      <class name="com.kardockdock.tests.vendorportal.VendorPortalTest">
        <test-method is-config="true" signature="setDriver(org.testng.ITestContext)[pri:0, instance:com.kardockdock.tests.vendorportal.VendorPortalTest@2fba3fc4]" started-at="2024-03-27T14:33:16 GMT" name="setDriver" finished-at="2024-03-27T14:33:30 GMT" duration-ms="14489" status="PASS">
          <params>
            <param index="0">
              <value>
                <![CDATA[org.testng.TestRunner@c7ba306]]>
              </value>
            </param>
          </params>
          <reporter-output>
          </reporter-output>
        </test-method> <!-- setDriver -->
        <test-method is-config="true" signature="setPageObjects(java.lang.String)[pri:0, instance:com.kardockdock.tests.vendorportal.VendorPortalTest@2fba3fc4]" started-at="2024-03-27T14:33:30 GMT" name="setPageObjects" finished-at="2024-03-27T14:33:32 GMT" depends-on-methods="com.kardockdock.tests.AbstractTest.setDriver" duration-ms="2024" status="PASS">
          <params>
            <param index="0">
              <value>
                <![CDATA[test-data/vendor-portal/sam.json]]>
              </value>
            </param>
          </params>
          <reporter-output>
          </reporter-output>
        </test-method> <!-- setPageObjects -->
        <test-method signature="loginTest()[pri:0, instance:com.kardockdock.tests.vendorportal.VendorPortalTest@2fba3fc4]" started-at="2024-03-27T14:33:33 GMT" name="loginTest" finished-at="2024-03-27T14:33:41 GMT" duration-ms="8676" status="PASS">
          <reporter-output>
          </reporter-output>
        </test-method> <!-- loginTest -->
        <test-method signature="dashboardTest()[pri:0, instance:com.kardockdock.tests.vendorportal.VendorPortalTest@2fba3fc4]" started-at="2024-03-27T14:33:41 GMT" name="dashboardTest" finished-at="2024-03-27T14:33:48 GMT" depends-on-methods="com.kardockdock.tests.vendorportal.VendorPortalTest.loginTest" duration-ms="7166" status="PASS">
          <reporter-output>
          </reporter-output>
        </test-method> <!-- dashboardTest -->
        <test-method signature="logoutTest()[pri:0, instance:com.kardockdock.tests.vendorportal.VendorPortalTest@2fba3fc4]" started-at="2024-03-27T14:33:48 GMT" name="logoutTest" finished-at="2024-03-27T14:33:56 GMT" depends-on-methods="com.kardockdock.tests.vendorportal.VendorPortalTest.dashboardTest" duration-ms="7219" status="PASS">
          <reporter-output>
          </reporter-output>
        </test-method> <!-- logoutTest -->
        <test-method is-config="true" signature="quitDriver()[pri:0, instance:com.kardockdock.tests.vendorportal.VendorPortalTest@2fba3fc4]" started-at="2024-03-27T14:33:56 GMT" name="quitDriver" finished-at="2024-03-27T14:33:56 GMT" duration-ms="136" status="PASS">
          <reporter-output>
          </reporter-output>
        </test-method> <!-- quitDriver -->
      </class> <!-- com.kardockdock.tests.vendorportal.VendorPortalTest -->
    </test> <!-- user-sam -->
  </suite> <!-- vendor-portal -->
</testng-results>
